# JRE version: Java(TM) SE Runtime Environment (15.0.2+7) (build 15.0.2+7-27)
# Java VM: Java HotSpot(TM) 64-Bit Server VM (15.0.2+7-27, mixed mode, sharing, tiered, compressed oops, g1 gc, windows-amd64)
GC Precious Log:
 CPUs: 4 total, 4 available
 Memory: 3962M
 Large Page Support: Disabled
 NUMA Support: Disabled
 Compressed Oops: Enabled (32-bit)
 Heap Region Size: 1M
 Heap Min Capacity: 8M
 Heap Initial Capacity: 62M
 Heap Max Capacity: 992M
 Pre-touch: Disabled
 Parallel Workers: 4
 Concurrent Workers: 1
 Concurrent Refinement Workers: 4
 Periodic GC: Disabled
Heap:
 garbage-first heap   total 109568K, used 59699K [0x00000000c2000000, 0x0000000100000000)
  region size 1024K, 12 young (12288K), 1 survivors (1024K)
 Metaspace       used 25357K, capacity 25643K, committed 25856K, reserved 1073152K
  class space    used 2909K, capacity 3019K, committed 3072K, reserved 1048576K
GC Heap History (20 events):
Event: 8.892 GC heap before
{Heap before GC invocations=21 (full 0):
 garbage-first heap   total 66560K, used 39430K [0x00000000c2000000, 0x0000000100000000)
  region size 1024K, 3 young (3072K), 1 survivors (1024K)
 Metaspace       used 23779K, capacity 24088K, committed 24448K, reserved 1071104K
  class space    used 2712K, capacity 2822K, committed 2944K, reserved 1048576K
}
Event: 8.893 GC heap after
{Heap after GC invocations=22 (full 0):
 garbage-first heap   total 66560K, used 33340K [0x00000000c2000000, 0x0000000100000000)
  region size 1024K, 1 young (1024K), 1 survivors (1024K)
 Metaspace       used 23779K, capacity 24088K, committed 24448K, reserved 1071104K
  class space    used 2712K, capacity 2822K, committed 2944K, reserved 1048576K
}
Event: 8.991 GC heap before
{Heap before GC invocations=23 (full 0):
 garbage-first heap   total 66560K, used 45628K [0x00000000c2000000, 0x0000000100000000)
  region size 1024K, 4 young (4096K), 1 survivors (1024K)
 Metaspace       used 24227K, capacity 24536K, committed 24704K, reserved 1071104K
  class space    used 2779K, capacity 2886K, committed 2944K, reserved 1048576K
}
Event: 8.992 GC heap after
{Heap after GC invocations=24 (full 0):
 garbage-first heap   total 66560K, used 38546K [0x00000000c2000000, 0x0000000100000000)
  region size 1024K, 1 young (1024K), 1 survivors (1024K)
 Metaspace       used 24227K, capacity 24536K, committed 24704K, reserved 1071104K
  class space    used 2779K, capacity 2886K, committed 2944K, reserved 1048576K
}
Event: 9.088 GC heap before
{Heap before GC invocations=25 (full 0):
 garbage-first heap   total 75776K, used 49810K [0x00000000c2000000, 0x0000000100000000)
  region size 1024K, 3 young (3072K), 1 survivors (1024K)
 Metaspace       used 24636K, capacity 24888K, committed 24960K, reserved 1071104K
  class space    used 2823K, capacity 2918K, committed 2944K, reserved 1048576K
}
Event: 9.089 GC heap after
{Heap after GC invocations=26 (full 0):
 garbage-first heap   total 75776K, used 38629K [0x00000000c2000000, 0x0000000100000000)
  region size 1024K, 1 young (1024K), 1 survivors (1024K)
 Metaspace       used 24636K, capacity 24888K, committed 24960K, reserved 1071104K
  class space    used 2823K, capacity 2918K, committed 2944K, reserved 1048576K
}
Event: 9.155 GC heap before
{Heap before GC invocations=27 (full 0):
 garbage-first heap   total 75776K, used 43749K [0x00000000c2000000, 0x0000000100000000)
  region size 1024K, 2 young (2048K), 1 survivors (1024K)
 Metaspace       used 24757K, capacity 25048K, committed 25344K, reserved 1071104K
  class space    used 2836K, capacity 2950K, committed 3072K, reserved 1048576K
}
Event: 9.156 GC heap after
{Heap after GC invocations=28 (full 0):
 garbage-first heap   total 75776K, used 33508K [0x00000000c2000000, 0x0000000100000000)
  region size 1024K, 1 young (1024K), 1 survivors (1024K)
 Metaspace       used 24757K, capacity 25048K, committed 25344K, reserved 1071104K
  class space    used 2836K, capacity 2950K, committed 3072K, reserved 1048576K
}
Event: 9.222 GC heap before
{Heap before GC invocations=29 (full 0):
 garbage-first heap   total 75776K, used 38628K [0x00000000c2000000, 0x0000000100000000)
  region size 1024K, 2 young (2048K), 1 survivors (1024K)
 Metaspace       used 24763K, capacity 25048K, committed 25344K, reserved 1071104K
  class space    used 2837K, capacity 2950K, committed 3072K, reserved 1048576K
}
Event: 9.224 GC heap after
{Heap after GC invocations=30 (full 0):
 garbage-first heap   total 75776K, used 33506K [0x00000000c2000000, 0x0000000100000000)
  region size 1024K, 1 young (1024K), 1 survivors (1024K)
 Metaspace       used 24763K, capacity 25048K, committed 25344K, reserved 1071104K
  class space    used 2837K, capacity 2950K, committed 3072K, reserved 1048576K
}
Event: 9.289 GC heap before
{Heap before GC invocations=31 (full 0):
 garbage-first heap   total 75776K, used 38626K [0x00000000c2000000, 0x0000000100000000)
  region size 1024K, 2 young (2048K), 1 survivors (1024K)
 Metaspace       used 24870K, capacity 25112K, committed 25344K, reserved 1071104K
  class space    used 2852K, capacity 2950K, committed 3072K, reserved 1048576K
}
Event: 9.291 GC heap after
{Heap after GC invocations=32 (full 0):
 garbage-first heap   total 91136K, used 33527K [0x00000000c2000000, 0x0000000100000000)
  region size 1024K, 1 young (1024K), 1 survivors (1024K)
 Metaspace       used 24870K, capacity 25112K, committed 25344K, reserved 1071104K
  class space    used 2852K, capacity 2950K, committed 3072K, reserved 1048576K
}
Event: 9.406 GC heap before
{Heap before GC invocations=33 (full 0):
 garbage-first heap   total 91136K, used 39671K [0x00000000c2000000, 0x0000000100000000)
  region size 1024K, 3 young (3072K), 1 survivors (1024K)
 Metaspace       used 25071K, capacity 25336K, committed 25600K, reserved 1071104K
  class space    used 2870K, capacity 2982K, committed 3072K, reserved 1048576K
}
Event: 9.408 GC heap after
{Heap after GC invocations=34 (full 0):
 garbage-first heap   total 91136K, used 33557K [0x00000000c2000000, 0x0000000100000000)
  region size 1024K, 1 young (1024K), 1 survivors (1024K)
 Metaspace       used 25071K, capacity 25336K, committed 25600K, reserved 1071104K
  class space    used 2870K, capacity 2982K, committed 3072K, reserved 1048576K
}
Event: 9.491 GC heap before
{Heap before GC invocations=35 (full 0):
 garbage-first heap   total 91136K, used 39701K [0x00000000c2000000, 0x0000000100000000)
  region size 1024K, 3 young (3072K), 1 survivors (1024K)
 Metaspace       used 25156K, capacity 25470K, committed 25600K, reserved 1071104K
  class space    used 2884K, capacity 2983K, committed 3072K, reserved 1048576K
}
Event: 9.493 GC heap after
{Heap after GC invocations=36 (full 0):
 garbage-first heap   total 91136K, used 33721K [0x00000000c2000000, 0x0000000100000000)
  region size 1024K, 1 young (1024K), 1 survivors (1024K)
 Metaspace       used 25156K, capacity 25470K, committed 25600K, reserved 1071104K
  class space    used 2884K, capacity 2983K, committed 3072K, reserved 1048576K
}
Event: 9.545 GC heap before
{Heap before GC invocations=37 (full 0):
 garbage-first heap   total 91136K, used 39865K [0x00000000c2000000, 0x0000000100000000)
  region size 1024K, 3 young (3072K), 1 survivors (1024K)
 Metaspace       used 25275K, capacity 25598K, committed 25856K, reserved 1073152K
  class space    used 2897K, capacity 2983K, committed 3072K, reserved 1048576K
}
Event: 9.547 GC heap after
{Heap after GC invocations=38 (full 0):
 garbage-first heap   total 91136K, used 33760K [0x00000000c2000000, 0x0000000100000000)
  region size 1024K, 1 young (1024K), 1 survivors (1024K)
 Metaspace       used 25275K, capacity 25598K, committed 25856K, reserved 1073152K
  class space    used 2897K, capacity 2983K, committed 3072K, reserved 1048576K
}
Event: 9.646 GC heap before
{Heap before GC invocations=39 (full 0):
 garbage-first heap   total 91136K, used 57312K [0x00000000c2000000, 0x0000000100000000)
  region size 1024K, 15 young (15360K), 1 survivors (1024K)
 Metaspace       used 25357K, capacity 25643K, committed 25856K, reserved 1073152K
  class space    used 2909K, capacity 3019K, committed 3072K, reserved 1048576K
}
Event: 9.648 GC heap after
{Heap after GC invocations=40 (full 0):
 garbage-first heap   total 109568K, used 39219K [0x00000000c2000000, 0x0000000100000000)
  region size 1024K, 1 young (1024K), 1 survivors (1024K)
 Metaspace       used 25357K, capacity 25643K, committed 25856K, reserved 1073152K
  class space    used 2909K, capacity 3019K, committed 3072K, reserved 1048576K
}

