# JRE version: Java(TM) SE Runtime Environment (15.0.2+7) (build 15.0.2+7-27)
# Java VM: Java HotSpot(TM) 64-Bit Server VM (15.0.2+7-27, mixed mode, sharing, tiered, compressed oops, g1 gc, windows-amd64)
GC Precious Log:
 CPUs: 4 total, 4 available
 Memory: 3962M
 Large Page Support: Disabled
 NUMA Support: Disabled
 Compressed Oops: Enabled (32-bit)
 Heap Region Size: 1M
 Heap Min Capacity: 8M
 Heap Initial Capacity: 62M
 Heap Max Capacity: 992M
 Pre-touch: Disabled
 Parallel Workers: 4
 Concurrent Workers: 1
 Concurrent Refinement Workers: 4
 Periodic GC: Disabled
Heap:
 garbage-first heap   total 95232K, used 64596K [0x00000000c2000000, 0x0000000100000000)
  region size 1024K, 25 young (25600K), 4 survivors (4096K)
 Metaspace       used 28013K, capacity 28458K, committed 28544K, reserved 1075200K
  class space    used 3015K, capacity 3159K, committed 3200K, reserved 1048576K
GC Heap History (20 events):
Event: 5.376 GC heap before
{Heap before GC invocations=10 (full 0):
 garbage-first heap   total 51200K, used 37178K [0x00000000c2000000, 0x0000000100000000)
  region size 1024K, 15 young (15360K), 3 survivors (3072K)
 Metaspace       used 23332K, capacity 23766K, committed 24064K, reserved 1071104K
  class space    used 2582K, capacity 2752K, committed 2816K, reserved 1048576K
}
Event: 5.382 GC heap after
{Heap after GC invocations=11 (full 0):
 garbage-first heap   total 61440K, used 28901K [0x00000000c2000000, 0x0000000100000000)
  region size 1024K, 2 young (2048K), 2 survivors (2048K)
 Metaspace       used 23332K, capacity 23766K, committed 24064K, reserved 1071104K
  class space    used 2582K, capacity 2752K, committed 2816K, reserved 1048576K
}
Event: 5.511 GC heap before
{Heap before GC invocations=11 (full 0):
 garbage-first heap   total 61440K, used 43237K [0x00000000c2000000, 0x0000000100000000)
  region size 1024K, 16 young (16384K), 2 survivors (2048K)
 Metaspace       used 23759K, capacity 24186K, committed 24320K, reserved 1071104K
  class space    used 2617K, capacity 2785K, committed 2816K, reserved 1048576K
}
Event: 5.517 GC heap after
{Heap after GC invocations=12 (full 0):
 garbage-first heap   total 61440K, used 31704K [0x00000000c2000000, 0x0000000100000000)
  region size 1024K, 2 young (2048K), 2 survivors (2048K)
 Metaspace       used 23759K, capacity 24186K, committed 24320K, reserved 1071104K
  class space    used 2617K, capacity 2785K, committed 2816K, reserved 1048576K
}
Event: 5.696 GC heap before
{Heap before GC invocations=12 (full 0):
 garbage-first heap   total 61440K, used 38872K [0x00000000c2000000, 0x0000000100000000)
  region size 1024K, 10 young (10240K), 2 survivors (2048K)
 Metaspace       used 25134K, capacity 25551K, committed 25728K, reserved 1073152K
  class space    used 2791K, capacity 2920K, committed 2944K, reserved 1048576K
}
Event: 5.704 GC heap after
{Heap after GC invocations=13 (full 0):
 garbage-first heap   total 61440K, used 33101K [0x00000000c2000000, 0x0000000100000000)
  region size 1024K, 2 young (2048K), 2 survivors (2048K)
 Metaspace       used 25134K, capacity 25551K, committed 25728K, reserved 1073152K
  class space    used 2791K, capacity 2920K, committed 2944K, reserved 1048576K
}
Event: 5.952 GC heap before
{Heap before GC invocations=14 (full 0):
 garbage-first heap   total 65536K, used 44365K [0x00000000c2000000, 0x0000000100000000)
  region size 1024K, 13 young (13312K), 2 survivors (2048K)
 Metaspace       used 25666K, capacity 26069K, committed 26368K, reserved 1073152K
  class space    used 2839K, capacity 2986K, committed 3072K, reserved 1048576K
}
Event: 5.959 GC heap after
{Heap after GC invocations=15 (full 0):
 garbage-first heap   total 65536K, used 35847K [0x00000000c2000000, 0x0000000100000000)
  region size 1024K, 2 young (2048K), 2 survivors (2048K)
 Metaspace       used 25666K, capacity 26069K, committed 26368K, reserved 1073152K
  class space    used 2839K, capacity 2986K, committed 3072K, reserved 1048576K
}
Event: 5.961 GC heap before
{Heap before GC invocations=15 (full 0):
 garbage-first heap   total 65536K, used 35847K [0x00000000c2000000, 0x0000000100000000)
  region size 1024K, 3 young (3072K), 2 survivors (2048K)
 Metaspace       used 25666K, capacity 26069K, committed 26368K, reserved 1073152K
  class space    used 2839K, capacity 2986K, committed 3072K, reserved 1048576K
}
Event: 5.971 GC heap after
{Heap after GC invocations=16 (full 0):
 garbage-first heap   total 78848K, used 32254K [0x00000000c2000000, 0x0000000100000000)
  region size 1024K, 1 young (1024K), 1 survivors (1024K)
 Metaspace       used 25666K, capacity 26069K, committed 26368K, reserved 1073152K
  class space    used 2839K, capacity 2986K, committed 3072K, reserved 1048576K
}
Event: 7.648 GC heap before
{Heap before GC invocations=16 (full 0):
 garbage-first heap   total 78848K, used 53758K [0x00000000c2000000, 0x0000000100000000)
  region size 1024K, 23 young (23552K), 1 survivors (1024K)
 Metaspace       used 25837K, capacity 26262K, committed 26368K, reserved 1073152K
  class space    used 2840K, capacity 2986K, committed 3072K, reserved 1048576K
}
Event: 7.656 GC heap after
{Heap after GC invocations=17 (full 0):
 garbage-first heap   total 78848K, used 39887K [0x00000000c2000000, 0x0000000100000000)
  region size 1024K, 3 young (3072K), 3 survivors (3072K)
 Metaspace       used 25837K, capacity 26262K, committed 26368K, reserved 1073152K
  class space    used 2840K, capacity 2986K, committed 3072K, reserved 1048576K
}
Event: 8.207 GC heap before
{Heap before GC invocations=17 (full 0):
 garbage-first heap   total 78848K, used 56271K [0x00000000c2000000, 0x0000000100000000)
  region size 1024K, 20 young (20480K), 3 survivors (3072K)
 Metaspace       used 25852K, capacity 26262K, committed 26368K, reserved 1073152K
  class space    used 2840K, capacity 2986K, committed 3072K, reserved 1048576K
}
Event: 8.215 GC heap after
{Heap after GC invocations=18 (full 0):
 garbage-first heap   total 78848K, used 44032K [0x00000000c2000000, 0x0000000100000000)
  region size 1024K, 3 young (3072K), 3 survivors (3072K)
 Metaspace       used 25852K, capacity 26262K, committed 26368K, reserved 1073152K
  class space    used 2840K, capacity 2986K, committed 3072K, reserved 1048576K
}
Event: 8.620 GC heap before
{Heap before GC invocations=19 (full 0):
 garbage-first heap   total 78848K, used 56320K [0x00000000c2000000, 0x0000000100000000)
  region size 1024K, 18 young (18432K), 3 survivors (3072K)
 Metaspace       used 25911K, capacity 26326K, committed 26624K, reserved 1073152K
  class space    used 2841K, capacity 2986K, committed 3072K, reserved 1048576K
}
Event: 8.629 GC heap after
{Heap after GC invocations=20 (full 0):
 garbage-first heap   total 78848K, used 45813K [0x00000000c2000000, 0x0000000100000000)
  region size 1024K, 3 young (3072K), 3 survivors (3072K)
 Metaspace       used 25911K, capacity 26326K, committed 26624K, reserved 1073152K
  class space    used 2841K, capacity 2986K, committed 3072K, reserved 1048576K
}
Event: 8.634 GC heap before
{Heap before GC invocations=20 (full 0):
 garbage-first heap   total 78848K, used 46837K [0x00000000c2000000, 0x0000000100000000)
  region size 1024K, 4 young (4096K), 3 survivors (3072K)
 Metaspace       used 25911K, capacity 26326K, committed 26624K, reserved 1073152K
  class space    used 2841K, capacity 2986K, committed 3072K, reserved 1048576K
}
Event: 8.645 GC heap after
{Heap after GC invocations=21 (full 0):
 garbage-first heap   total 95232K, used 40857K [0x00000000c2000000, 0x0000000100000000)
  region size 1024K, 1 young (1024K), 1 survivors (1024K)
 Metaspace       used 25911K, capacity 26326K, committed 26624K, reserved 1073152K
  class space    used 2841K, capacity 2986K, committed 3072K, reserved 1048576K
}
Event: 12.441 GC heap before
{Heap before GC invocations=21 (full 0):
 garbage-first heap   total 95232K, used 66457K [0x00000000c2000000, 0x0000000100000000)
  region size 1024K, 26 young (26624K), 1 survivors (1024K)
 Metaspace       used 26791K, capacity 27279K, committed 27520K, reserved 1073152K
  class space    used 2900K, capacity 3086K, committed 3200K, reserved 1048576K
}
Event: 12.450 GC heap after
{Heap after GC invocations=22 (full 0):
 garbage-first heap   total 95232K, used 44116K [0x00000000c2000000, 0x0000000100000000)
  region size 1024K, 4 young (4096K), 4 survivors (4096K)
 Metaspace       used 26791K, capacity 27279K, committed 27520K, reserved 1073152K
  class space    used 2900K, capacity 3086K, committed 3200K, reserved 1048576K
}

