<?xml version="1.0" encoding="UTF-8"?>
<testsuite xmlns:xsi="http://www.w3.org/2001/XMLSchema-instance" xsi:schemaLocation="https://maven.apache.org/surefire/maven-surefire-plugin/xsd/surefire-test-report.xsd" name="TestSuite" time="28.906" tests="2" errors="0" skipped="0" failures="0">
  <properties>
[...]
</properties>
  <testcase name="verifyOpenPage" classname="demo.testcase.OpenPage" time="0.073"/>
  <testcase name="searchExpression" classname="demo.testcase.SearchExpression" time="6.057"/>
</testsuite>